<beans xmlns="http://www.springframework.org/schema/beans" xmlns:xsi="http://www.w3.org/2001/XMLSchema-instance" 
  xmlns:util="http://www.springframework.org/schema/util"
  xmlns:context="http://www.springframework.org/schema/context" 
  xmlns:expression="http://www.springframework.org/schema/expression"
  xmlns:aop="http://www.springframework.org/schema/aop"
  xsi:schemaLocation="
            http://www.springframework.org/schema/util http://www.springframework.org/schema/util/spring-util-3.1.xsd
            http://www.springframework.org/schema/beans http://www.springframework.org/schema/beans/spring-beans-3.1.xsd
            http://www.springframework.org/schema/context http://www.springframework.org/schema/context/spring-context-3.1.xsd
            http://www.springframework.org/schema/expression http://www.springframework.org/schema/expression/spring-expression-3.1.xsd
            http://www.springframework.org/schema/aop http://www.springframework.org/schema/aop/spring-aop-3.1.xsd">
</beans>  
